<?xml version="1.0" encoding="UTF-8"?>
<!-- Generated by org.testng.reporters.JUnitReportReporter -->
<testsuite hostname="Utkarsh-PC" failures="0" tests="1" name="com.nans.devops.jenkins.SeleniumTest" time="70.314" errors="0" timestamp="2022-03-09T10:33:39 EET" skipped="0">
  <testcase classname="com.nans.devops.jenkins.SeleniumTest" name="YoutubeSearch" time="70.314"/>
  <system-out/>
</testsuite> <!-- com.nans.devops.jenkins.SeleniumTest -->
