<?xml version="1.0" encoding="UTF-8"?>
<!-- Generated by org.testng.reporters.JUnitReportReporter -->
<testsuite hostname="Utkarsh-PC" failures="0" tests="1" name="com.nans.devops.jenkins.JenkinsClassTest" time="0.012" errors="0" timestamp="2022-03-09T10:33:39 EET" skipped="0">
  <testcase classname="com.nans.devops.jenkins.JenkinsClassTest" name="addTest" time="0.012"/>
  <system-out/>
</testsuite> <!-- com.nans.devops.jenkins.JenkinsClassTest -->
